<?xml version="1.0" encoding="UTF-8"?>
<!-- Generated by org.testng.reporters.JUnitReportReporter -->
<testsuite hostname="DESKTOP-CKLPQ5C" failures="0" tests="1" name="com.practiceSession.PracticeSelect" time="0.618" errors="0" timestamp="2024-10-18T15:03:09 IST" skipped="0">
  <testcase classname="com.practiceSession.PracticeSelect" name="selectCase" time="0.618"/>
  <system-out>
    <![CDATA[Test Execution success]]>
  </system-out>
</testsuite> <!-- com.practiceSession.PracticeSelect -->
