<?xml version="1.0" encoding="UTF-8"?>
<!-- Generated by org.testng.reporters.JUnitReportReporter -->
<testsuite hostname="DESKTOP-CKLPQ5C" failures="0" tests="1" name="com.pomScript.TestRun1" time="0.019" errors="0" timestamp="2024-10-17T14:09:45 IST" skipped="0">
  <testcase classname="com.pomScript.TestRun1" name="testCase1" time="0.019"/>
  <system-out/>
</testsuite> <!-- com.pomScript.TestRun1 -->
