<?xml version="1.0" encoding="UTF-8"?>
<!-- Generated by org.testng.reporters.JUnitReportReporter -->
<testsuite hostname="DESKTOP-CKLPQ5C" failures="0" tests="1" name="com.practiceSession.ProgramActionTest" time="0.206" errors="0" timestamp="2024-10-17T16:14:05 IST" skipped="0">
  <testcase classname="com.practiceSession.ProgramActionTest" name="testCase1" time="0.206"/>
  <system-out>
    <![CDATA[Test Execution success]]>
  </system-out>
</testsuite> <!-- com.practiceSession.ProgramActionTest -->
