<?xml version="1.0" encoding="UTF-8"?>
<!-- Generated by org.testng.reporters.JUnitReportReporter -->
<testsuite hostname="DESKTOP-CKLPQ5C" failures="0" tests="1" name="org.bookPage.Fiction" time="0.480" errors="0" timestamp="2024-10-19T09:26:56 IST" skipped="0">
  <testcase classname="org.bookPage.Fiction" name="testCase" time="0.480"/>
  <system-out>
    <![CDATA[Test Execution success]]>
  </system-out>
</testsuite> <!-- org.bookPage.Fiction -->
