<?xml version="1.0" encoding="UTF-8"?>
<!-- Generated by org.testng.reporters.JUnitReportReporter -->
<testsuite hostname="DESKTOP-CKLPQ5C" failures="0" tests="1" name="org.bookPage.ComputingAndNetwork" time="1.629" errors="0" timestamp="2024-10-21T14:07:57 IST" skipped="0">
  <testcase classname="org.bookPage.ComputingAndNetwork" name="testCase" time="1.629"/>
  <system-out>
    <![CDATA[Test Execution success]]>
  </system-out>
</testsuite> <!-- org.bookPage.ComputingAndNetwork -->
